Command: python R2GSTNN_train.py -model R2GSTNN -dataset seed_de_lds -dataset_path /data/mzy/libeer_few_channel_cache/SEED/seed_de_lds/seed_sub_dependent_train_val_test_setting/4ch/libeer_cache.pkl -setting seed_sub_dependent_train_val_test_setting -metrics acc macro-f1 -metric_choose macro-f1 -batch_size 32 -epochs 80 -lr 0.001 -seed 2024 -device cuda -output_dir /data/mzy/LibEER/runs_all_datasets_few_channels/worker_runs/SEED/4ch/R2GSTNN/seed2024/results/seed_de_lds/4ch/R2GSTNN/seed2024 -log_dir /data/mzy/LibEER/runs_all_datasets_few_channels/worker_runs/SEED/4ch/R2GSTNN/seed2024/state_logs -data_dir /data/mzy/LibEER/runs_all_datasets_few_channels/worker_runs/SEED/4ch/R2GSTNN/seed2024/processed/seed_de_lds/4ch/R2GSTNN/seed2024
Using Seed subject dependent train val test experiment mode, 
For each subject, nine random trails were used as training set, three random trails were used as verification set, last three trails were used as test, we choose best results in verification set and test results in test
Loading LibEER few-channel cache: /data/mzy/libeer_few_channel_cache/SEED/seed_de_lds/seed_sub_dependent_train_val_test_setting/4ch/libeer_cache.pkl
train indexes:[8, 5, 9, 7, 10, 4, 6, 3, 14], val indexes:[13, 12, 11], test indexes:[0, 1, 2]
train data shape: (2014, 4, 5), train label shape: (2014, 3)
train_label[0]: [0 0 1]
Train Epoch 1/80: lr:0.001:   0%|          | 0/63 [00:00<?, ?it/s]Train Epoch 1/80: lr:0.001:   0%|          | 0/63 [00:00<?, ?it/s]
Traceback (most recent call last):
  File "/data/mzy/LibEER/LibEER/R2GSTNN_train.py", line 92, in <module>
    main(args)
  File "/data/mzy/LibEER/LibEER/R2GSTNN_train.py", line 75, in main
    round_metric = train(model=model, dataset_train=dataset_train, dataset_val=dataset_val, dataset_test=dataset_test, device=device,
                   ^^^^^^^^^^^^^^^^^^^^^^^^^^^^^^^^^^^^^^^^^^^^^^^^^^^^^^^^^^^^^^^^^^^^^^^^^^^^^^^^^^^^^^^^^^^^^^^^^^^^^^^^^^^^^^^^^^
  File "/data/mzy/LibEER/LibEER/Trainer/R2GSTNNTraing.py", line 50, in train
    label_predict, domain_predict = model(features, target_features)
                                    ^^^^^^^^^^^^^^^^^^^^^^^^^^^^^^^^
  File "/home/mzy/anaconda3/lib/python3.11/site-packages/torch/nn/modules/module.py", line 1553, in _wrapped_call_impl
    return self._call_impl(*args, **kwargs)
           ^^^^^^^^^^^^^^^^^^^^^^^^^^^^^^^^
  File "/home/mzy/anaconda3/lib/python3.11/site-packages/torch/nn/modules/module.py", line 1562, in _call_impl
    return forward_call(*args, **kwargs)
           ^^^^^^^^^^^^^^^^^^^^^^^^^^^^^
  File "/data/mzy/LibEER/LibEER/models/R2GSTNN.py", line 60, in forward
    source_regional_feature = self.regional_learner(source_data)
                              ^^^^^^^^^^^^^^^^^^^^^^^^^^^^^^^^^^
  File "/home/mzy/anaconda3/lib/python3.11/site-packages/torch/nn/modules/module.py", line 1553, in _wrapped_call_impl
    return self._call_impl(*args, **kwargs)
           ^^^^^^^^^^^^^^^^^^^^^^^^^^^^^^^^
  File "/home/mzy/anaconda3/lib/python3.11/site-packages/torch/nn/modules/module.py", line 1562, in _call_impl
    return forward_call(*args, **kwargs)
           ^^^^^^^^^^^^^^^^^^^^^^^^^^^^^
  File "/data/mzy/LibEER/LibEER/models/R2GSTNN.py", line 110, in forward
    features = features.reshape(-1, features.shape[2], features.shape[3])
                                                       ~~~~~~~~~~~~~~^^^
IndexError: tuple index out of range
