nohup: 忽略输入
[2026-05-02 21:36:22] START dataset=SEED channel=2ch seed=2024 network=DGCNN gpu=0 log=/data/mzy/LibEER/runs_all_datasets_few_channels/launcher_logs/SEED_2ch_DGCNN_seed2024_gpu0_1777728982832487109.log
[2026-05-02 21:36:22] START dataset=SEED channel=2ch seed=2024 network=CoralDgcnn gpu=0 log=/data/mzy/LibEER/runs_all_datasets_few_channels/launcher_logs/SEED_2ch_CoralDgcnn_seed2024_gpu0_1777728982898572135.log
[2026-05-02 21:36:22] START dataset=SEED channel=2ch seed=2024 network=GCBNet gpu=0 log=/data/mzy/LibEER/runs_all_datasets_few_channels/launcher_logs/SEED_2ch_GCBNet_seed2024_gpu0_1777728982945414381.log
[2026-05-02 21:36:23] START dataset=SEED channel=2ch seed=2024 network=GCBNet_BLS gpu=1 log=/data/mzy/LibEER/runs_all_datasets_few_channels/launcher_logs/SEED_2ch_GCBNet_BLS_seed2024_gpu1_1777728982985606076.log
[2026-05-02 21:36:23] START dataset=SEED channel=2ch seed=2024 network=CDCN gpu=1 log=/data/mzy/LibEER/runs_all_datasets_few_channels/launcher_logs/SEED_2ch_CDCN_seed2024_gpu1_1777728983015460922.log
[2026-05-02 21:36:23] START dataset=SEED channel=2ch seed=2024 network=DBN gpu=1 log=/data/mzy/LibEER/runs_all_datasets_few_channels/launcher_logs/SEED_2ch_DBN_seed2024_gpu1_1777728983088169015.log
[2026-05-02 21:36:23] START dataset=SEED channel=2ch seed=2024 network=HSLT gpu=2 log=/data/mzy/LibEER/runs_all_datasets_few_channels/launcher_logs/SEED_2ch_HSLT_seed2024_gpu2_1777728983180868132.log
[2026-05-02 21:36:23] START dataset=SEED channel=2ch seed=2024 network=BiDANN gpu=2 log=/data/mzy/LibEER/runs_all_datasets_few_channels/launcher_logs/SEED_2ch_BiDANN_seed2024_gpu2_1777728983245646188.log
[2026-05-02 21:36:23] START dataset=SEED channel=2ch seed=2024 network=R2GSTNN gpu=2 log=/data/mzy/LibEER/runs_all_datasets_few_channels/launcher_logs/SEED_2ch_R2GSTNN_seed2024_gpu2_1777728983318676572.log
[2026-05-02 21:36:23] START dataset=SEED channel=2ch seed=2024 network=NSAL_DGAT gpu=3 log=/data/mzy/LibEER/runs_all_datasets_few_channels/launcher_logs/SEED_2ch_NSAL_DGAT_seed2024_gpu3_1777728983372984421.log
[2026-05-02 21:36:23] START dataset=SEED channel=2ch seed=2024 network=EEGNet gpu=3 log=/data/mzy/LibEER/runs_all_datasets_few_channels/launcher_logs/SEED_2ch_EEGNet_seed2024_gpu3_1777728983407827974.log
[2026-05-02 21:36:23] START dataset=SEED channel=2ch seed=2024 network=TSception gpu=3 log=/data/mzy/LibEER/runs_all_datasets_few_channels/launcher_logs/SEED_2ch_TSception_seed2024_gpu3_1777728983446886618.log
[2026-05-02 21:36:43] FINISH dataset=SEED channel=2ch seed=2024 network=CoralDgcnn gpu=0 status=failed
[2026-05-02 21:36:43] START dataset=SEED channel=2ch seed=2024 network=ACRNN gpu=0 log=/data/mzy/LibEER/runs_all_datasets_few_channels/launcher_logs/SEED_2ch_ACRNN_seed2024_gpu0_1777729003597662218.log
[2026-05-02 21:36:53] FINISH dataset=SEED channel=2ch seed=2024 network=DBN gpu=1 status=failed
[2026-05-02 21:36:53] FINISH dataset=SEED channel=2ch seed=2024 network=EEGNet gpu=3 status=failed
[2026-05-02 21:36:53] FINISH dataset=SEED channel=2ch seed=2024 network=TSception gpu=3 status=failed
[2026-05-02 21:36:53] START dataset=SEED channel=2ch seed=2024 network=RGNN_official gpu=1 log=/data/mzy/LibEER/runs_all_datasets_few_channels/launcher_logs/SEED_2ch_RGNN_official_seed2024_gpu1_1777729013729303884.log
[2026-05-02 21:36:53] START dataset=SEED channel=2ch seed=2024 network=MsMda gpu=3 log=/data/mzy/LibEER/runs_all_datasets_few_channels/launcher_logs/SEED_2ch_MsMda_seed2024_gpu3_1777729013742724327.log
[2026-05-02 21:36:53] START dataset=SEED channel=2ch seed=2024 network=FBSTCNet gpu=3 log=/data/mzy/LibEER/runs_all_datasets_few_channels/launcher_logs/SEED_2ch_FBSTCNet_seed2024_gpu3_1777729013760828263.log
[2026-05-02 21:37:03] FINISH dataset=SEED channel=2ch seed=2024 network=BiDANN gpu=2 status=failed
[2026-05-02 21:37:03] START dataset=SEED channel=2ch seed=2024 network=PRRL gpu=2 log=/data/mzy/LibEER/runs_all_datasets_few_channels/launcher_logs/SEED_2ch_PRRL_seed2024_gpu2_1777729023817499347.log
[2026-05-02 21:37:13] FINISH dataset=SEED channel=2ch seed=2024 network=R2GSTNN gpu=2 status=failed
[2026-05-02 21:37:13] FINISH dataset=SEED channel=2ch seed=2024 network=ACRNN gpu=0 status=failed
[2026-05-02 21:37:14] START dataset=SEED channel=4ch seed=2024 network=DGCNN gpu=0 log=/data/mzy/LibEER/runs_all_datasets_few_channels/launcher_logs/SEED_4ch_DGCNN_seed2024_gpu0_1777729033968624188.log
[2026-05-02 21:37:14] START dataset=SEED channel=4ch seed=2024 network=CoralDgcnn gpu=2 log=/data/mzy/LibEER/runs_all_datasets_few_channels/launcher_logs/SEED_4ch_CoralDgcnn_seed2024_gpu2_1777729034020485389.log
[2026-05-02 21:37:24] FINISH dataset=SEED channel=2ch seed=2024 network=MsMda gpu=3 status=failed
[2026-05-02 21:37:24] FINISH dataset=SEED channel=2ch seed=2024 network=PRRL gpu=2 status=failed
[2026-05-02 21:37:24] START dataset=SEED channel=4ch seed=2024 network=GCBNet gpu=2 log=/data/mzy/LibEER/runs_all_datasets_few_channels/launcher_logs/SEED_4ch_GCBNet_seed2024_gpu2_1777729044133904997.log
[2026-05-02 21:37:24] START dataset=SEED channel=4ch seed=2024 network=GCBNet_BLS gpu=3 log=/data/mzy/LibEER/runs_all_datasets_few_channels/launcher_logs/SEED_4ch_GCBNet_BLS_seed2024_gpu3_1777729044190674347.log
[2026-05-02 21:37:34] FINISH dataset=SEED channel=2ch seed=2024 network=RGNN_official gpu=1 status=failed
[2026-05-02 21:37:34] FINISH dataset=SEED channel=4ch seed=2024 network=CoralDgcnn gpu=2 status=failed
[2026-05-02 21:37:34] START dataset=SEED channel=4ch seed=2024 network=CDCN gpu=1 log=/data/mzy/LibEER/runs_all_datasets_few_channels/launcher_logs/SEED_4ch_CDCN_seed2024_gpu1_1777729054330985820.log
[2026-05-02 21:37:34] START dataset=SEED channel=4ch seed=2024 network=DBN gpu=2 log=/data/mzy/LibEER/runs_all_datasets_few_channels/launcher_logs/SEED_4ch_DBN_seed2024_gpu2_1777729054374409546.log
[2026-05-02 21:37:44] FINISH dataset=SEED channel=2ch seed=2024 network=FBSTCNet gpu=3 status=failed
[2026-05-02 21:37:44] START dataset=SEED channel=4ch seed=2024 network=HSLT gpu=3 log=/data/mzy/LibEER/runs_all_datasets_few_channels/launcher_logs/SEED_4ch_HSLT_seed2024_gpu3_1777729064471444061.log
[2026-05-02 21:38:04] FINISH dataset=SEED channel=4ch seed=2024 network=DBN gpu=2 status=failed
[2026-05-02 21:38:04] START dataset=SEED channel=4ch seed=2024 network=BiDANN gpu=2 log=/data/mzy/LibEER/runs_all_datasets_few_channels/launcher_logs/SEED_4ch_BiDANN_seed2024_gpu2_1777729084695125561.log
[2026-05-02 21:38:34] FINISH dataset=SEED channel=4ch seed=2024 network=BiDANN gpu=2 status=failed
[2026-05-02 21:38:34] START dataset=SEED channel=4ch seed=2024 network=R2GSTNN gpu=2 log=/data/mzy/LibEER/runs_all_datasets_few_channels/launcher_logs/SEED_4ch_R2GSTNN_seed2024_gpu2_1777729114859789491.log
[2026-05-02 21:39:25] FINISH dataset=SEED channel=4ch seed=2024 network=R2GSTNN gpu=2 status=failed
[2026-05-02 21:39:25] START dataset=SEED channel=4ch seed=2024 network=NSAL_DGAT gpu=2 log=/data/mzy/LibEER/runs_all_datasets_few_channels/launcher_logs/SEED_4ch_NSAL_DGAT_seed2024_gpu2_1777729165083583673.log
