Command: python BiDANN_train.py -model BiDANN -dataset seed_de_lds -dataset_path /data/mzy/libeer_few_channel_cache/SEED/seed_de_lds/seed_sub_dependent_train_val_test_setting/2ch/libeer_cache.pkl -setting seed_sub_dependent_train_val_test_setting -metrics acc macro-f1 -metric_choose macro-f1 -batch_size 32 -epochs 80 -lr 0.001 -seed 2024 -device cuda -output_dir /data/mzy/LibEER/runs_all_datasets_few_channels/worker_runs/SEED/2ch/BiDANN/seed2024/results/seed_de_lds/2ch/BiDANN/seed2024 -log_dir /data/mzy/LibEER/runs_all_datasets_few_channels/worker_runs/SEED/2ch/BiDANN/seed2024/state_logs -data_dir /data/mzy/LibEER/runs_all_datasets_few_channels/worker_runs/SEED/2ch/BiDANN/seed2024/processed/seed_de_lds/2ch/BiDANN/seed2024
Using Seed subject dependent train val test experiment mode, 
For each subject, nine random trails were used as training set, three random trails were used as verification set, last three trails were used as test, we choose best results in verification set and test results in test
Loading LibEER few-channel cache: /data/mzy/libeer_few_channel_cache/SEED/seed_de_lds/seed_sub_dependent_train_val_test_setting/2ch/libeer_cache.pkl
train indexes:[8, 5, 9, 7, 10, 4, 6, 3, 14], val indexes:[13, 12, 11], test indexes:[0, 1, 2]
None
Train Epoch 1/80: lr:0.001:   0%|          | 0/62 [00:00<?, ?it/s]Train Epoch 1/80: lr:0.001:   0%|          | 0/62 [00:00<?, ?it/s]
Traceback (most recent call last):
  File "/data/mzy/LibEER/LibEER/BiDANN_train.py", line 94, in <module>
    main(args)
  File "/data/mzy/LibEER/LibEER/BiDANN_train.py", line 75, in main
    round_metric = train(model=model, dataset_train=dataset_train, dataset_val=dataset_val, dataset_test=dataset_test, device=device,
                   ^^^^^^^^^^^^^^^^^^^^^^^^^^^^^^^^^^^^^^^^^^^^^^^^^^^^^^^^^^^^^^^^^^^^^^^^^^^^^^^^^^^^^^^^^^^^^^^^^^^^^^^^^^^^^^^^^^
  File "/data/mzy/LibEER/LibEER/Trainer/BiDANNTraining.py", line 54, in train
    label_pred, l_domain_pred, r_domain_pred, total_domain_pred = model(features, target_features)
                                                                  ^^^^^^^^^^^^^^^^^^^^^^^^^^^^^^^^
  File "/home/mzy/anaconda3/lib/python3.11/site-packages/torch/nn/modules/module.py", line 1553, in _wrapped_call_impl
    return self._call_impl(*args, **kwargs)
           ^^^^^^^^^^^^^^^^^^^^^^^^^^^^^^^^
  File "/home/mzy/anaconda3/lib/python3.11/site-packages/torch/nn/modules/module.py", line 1562, in _call_impl
    return forward_call(*args, **kwargs)
           ^^^^^^^^^^^^^^^^^^^^^^^^^^^^^
  File "/data/mzy/LibEER/LibEER/models/BiDANN.py", line 66, in forward
    l_source_data, r_source_data = divide_current_channels(source_data, self.hemi_electrodes)
                                   ^^^^^^^^^^^^^^^^^^^^^^^^^^^^^^^^^^^^^^^^^^^^^^^^^^^^^^^^^^
  File "/data/mzy/LibEER/LibEER/models/BiDANN.py", line 117, in divide_current_channels
    left = features[:, :, :left_count, :]
           ~~~~~~~~^^^^^^^^^^^^^^^^^^^^^^
IndexError: too many indices for tensor of dimension 3
