使用通道: ['FP1', 'FP2', 'T7', 'T8']
Running command: /home/mzy/anaconda3/bin/python3 /data/mzy/LibEER/LibEER/RGNN_train.py -metrics acc macro-f1 -model RGNN_official -metric_choose macro-f1 -setting seed_sub_independent_train_val_test_setting -dataset_path /data/mzy/SEED/ -dataset seed_de_lds -batch_size 32 -epochs 150 -lr 0.001 -time_window 1 -feature_type de_lds -seed 2024 -device cuda:1 -selected_channel_names FP1 FP2 T7 T8

开始执行命令...
命令：/home/mzy/anaconda3/bin/python3 /data/mzy/LibEER/LibEER/RGNN_train.py -metrics acc macro-f1 -model RGNN_official -metric_choose macro-f1 -setting seed_sub_independent_train_val_test_setting -dataset_path /data/mzy/SEED/ -dataset seed_de_lds -batch_size 32 -epochs 150 -lr 0.001 -time_window 1 -feature_type de_lds -seed 2024 -device cuda:1 -selected_channel_names FP1 FP2 T7 T8
使用通道名称 ['FP1', 'FP2', 'T7', 'T8'] => 索引 [0, 2, 23, 31]
Using train-val-test SEED subject independent experiment mode,
The random nine subjects' data are taken as training set, random three subjects' data are taken as validation set, random three subject's data are taken as test set. We choose the best results in validation set,and test it in test set
Selecting channels: [0, 2, 23, 31]
Number of channels after selection: 4
15
235
4
train indexes:[14, 10, 6, 3, 4, 9, 11, 2, 7], val indexes:[13, 12, 1], test indexes:[8, 0, 5]
Selecting channels: [0, 2, 23, 31]
Number of channels after selection: 4
Traceback (most recent call last):
File "/data/mzy/LibEER/LibEER/RGNN_train.py", line 196, in <module>
main(args)
File "/data/mzy/LibEER/LibEER/RGNN_train.py", line 180, in main
round_metric = train(model=model, dataset_train=dataset_train, dataset_val=dataset_val, dataset_test=dataset_test, edge_adj=edge_adj, device=device, output_dir=output_dir, metrics=args.metrics, optimizer=optimizer,
^^^^^^^^^^^^^^^^^^^^^^^^^^^^^^^^^^^^^^^^^^^^^^^^^^^^^^^^^^^^^^^^^^^^^^^^^^^^^^^^^^^^^^^^^^^^^^^^^^^^^^^^^^^^^^^^^^^^^^^^^^^^^^^^^^^^^^^^^^^^^^^^^^^^^^^^^^^^^^^^^^^^^^^^^^^^^^^^^^^^^^^^^^^^^^^^^^^^^^^
File "/data/mzy/LibEER/LibEER/Trainer/graphTraining.py", line 32, in train
model = model.to(device)
^^^^^^^^^^^^^^^^
File "/home/mzy/anaconda3/lib/python3.11/site-packages/torch/nn/modules/module.py", line 1355, in to
return self._apply(convert)
^^^^^^^^^^^^^^^^^^^^
File "/home/mzy/anaconda3/lib/python3.11/site-packages/torch/nn/modules/module.py", line 915, in _apply
module._apply(fn)
File "/home/mzy/anaconda3/lib/python3.11/site-packages/torch/nn/modules/module.py", line 915, in _apply
module._apply(fn)
File "/home/mzy/anaconda3/lib/python3.11/site-packages/torch/nn/modules/module.py", line 942, in _apply
param_applied = fn(param)
^^^^^^^^^
File "/home/mzy/anaconda3/lib/python3.11/site-packages/torch/nn/modules/module.py", line 1341, in convert
return t.to(
^^^^^
RuntimeError: CUDA error: invalid device ordinal
CUDA kernel errors might be asynchronously reported at some other API call, so the stacktrace below might be incorrect.
For debugging consider passing CUDA_LAUNCH_BLOCKING=1
Compile with `TORCH_USE_CUDA_DSA` to enable device-side assertions.


=== 命令执行失败: 1 ===

