ACRNN FP1 FP2 T7 T8: acc=0.42, f1=0.33, time=2025-12-02_21-19-03
ACRNN FP1 FP2 T7 T8 F7 F8 CP5 CP6: acc=0.42, f1=0.33, time=2025-12-02_21-31-13
BiDANN FP1 FP2 T7 T8: acc=0.34, f1=0.24, time=2025-12-03_00-11-20
BiDANN FP1 FP2 T7 T8 F7 F8 CP5 CP6: acc=0.37, f1=0.30, time=2025-12-03_02-52-45
DBN FP1 FP2 T7 T8: acc=0.46, f1=0.46, time=2025-12-03_02-55-18
DBN FP1 FP2 T7 T8 F7 F8 CP5 CP6: acc=0.44, f1=0.43, time=2025-12-03_02-58-01
DGCNN FP1 FP2 T7 T8: acc=0.47, f1=0.39, time=2025-12-03_03-46-30
DGCNN FP1 FP2 T7 T8 F7 F8 CP5 CP6: acc=0.36, f1=0.36, time=2025-12-03_04-35-27
EEGNet FP1 FP2 T7 T8: acc=0.50, f1=0.48, time=2025-12-03_04-51-16
EEGNet FP1 FP2 T7 T8 F7 F8 CP5 CP6: acc=0.50, f1=0.48, time=2025-12-03_05-07-58
FBSTCNet FP1 FP2 T7 T8: acc=0.49, f1=0.41, time=2025-12-03_17-32-35
FBSTCNet FP1 FP2 T7 T8 F7 F8 CP5 CP6: acc=0.47, f1=0.38, time=2025-12-04_10-43-51
R2GSTNN FP1 FP2 T7 T8: acc=0.37, f1=N/A, time=2025-12-04_11-56-19
R2GSTNN FP1 FP2 T7 T8 F7 F8 CP5 CP6: acc=0.44, f1=N/A, time=2025-12-04_13-18-14
RGNN FP1 FP2 T7 T8: acc=N/A, f1=N/A, time=2025-12-04_13-18-46
RGNN FP1 FP2 T7 T8 F7 F8 CP5 CP6: acc=N/A, f1=N/A, time=2025-12-04_13-19-12
TSception FP1 FP2 T7 T8: acc=0.38, f1=0.37, time=2025-12-04_13-21-42
TSception FP1 FP2 T7 T8 F7 F8 CP5 CP6: acc=0.41, f1=0.40, time=2025-12-04_13-24-19
SVM FP1 FP2 T7 T8: acc=0.38, f1=0.35, time=2025-12-04_13-42-40
SVM FP1 FP2 T7 T8 F7 F8 CP5 CP6: acc=0.38, f1=0.37, time=2025-12-04_14-20-23
